; This is the Calva evaluation results output window.
; TIPS: The keyboard shortcut `ctrl+alt+o o` shows and focuses this window
;   when connected to a REPL session.
; Please see https://calva.io/output/ for more info.
; Happy coding! â™¥ï¸

; Jacking in...
; Starting Jack-in Terminal: lein update-in :dependencies conj '[nrepl,"0.9.0"]' -- update-in :plugins conj '[cider/cider-nrepl,"0.27.4"]' -- update-in '[:repl-options,:nrepl-middleware]' conj '["cider.nrepl/cider-middleware"]' -- with-profile +uberjar repl :headless
; Hooking up nREPL sessions...
; Connected session: clj
; TIPS: 
;   - You can edit the contents here. Use it as a REPL if you like.
;   - `alt+enter` evaluates the current top level form.
;   - `ctrl+enter` evaluates the current form.
;   - `alt+up` and `alt+down` traverse up and down the REPL command history
;      when the cursor is after the last contents at the prompt
;   - Clojure lines in stack traces are peekable and clickable.
cljêž‰calculator.coreêž‰>Â  ; Use `alt+enter` to evaluate
; Jack-in done.
cljêž‰calculator.coreêž‰>Â 
6
cljêž‰calculator.core-testêž‰>Â 
; Evaluating file: core.clj
; Syntax error compiling if at (core.clj:4:1).
; Too few arguments to if
; Evaluation of file core.clj failed: class clojure.lang.Compiler$CompilerException
[1 2 3]
cljêž‰calculator.coreêž‰>Â 
; Evaluating file: core.clj
; Syntax error compiling if at (core.clj:4:1).
; Too few arguments to if
; Evaluation of file core.clj failed: class clojure.lang.Compiler$CompilerException
[1 2 3]
cljêž‰calculator.coreêž‰>Â 
; Evaluating file: core.clj
; Syntax error compiling if at (core.clj:4:1).
; Too few arguments to if
; Evaluation of file core.clj failed: class clojure.lang.Compiler$CompilerException
[1 2 3]
cljêž‰calculator.coreêž‰>Â 
[1 2 3 4]
cljêž‰calculator.coreêž‰>Â 
[1 2 3 4]
cljêž‰calculator.coreêž‰>Â 
; Evaluating file: core.clj
; Syntax error compiling if at (core.clj:4:1).
; Too few arguments to if
; Evaluation of file core.clj failed: class clojure.lang.Compiler$CompilerException
; Evaluating file: core.clj

#'calculator.core/c-median
cljêž‰calculator.coreêž‰>Â 
; Syntax error compiling at (core.clj:6:1).
; Unable to resolve symbol: sum in this context
cljêž‰calculator.coreêž‰>Â 
; Evaluating file: core.clj
#'calculator.core/c-median
cljêž‰calculator.coreêž‰>Â 
10
cljêž‰calculator.coreêž‰>Â 
1/2
cljêž‰calculator.coreêž‰>Â 
0.5
cljêž‰calculator.coreêž‰>Â 
1
cljêž‰calculator.coreêž‰>Â 
; Execution error (IndexOutOfBoundsException) at calculator.core/eval7947 (form-init5046006255866852130.clj:42).
; null
cljêž‰calculator.coreêž‰>Â 
5
cljêž‰calculator.coreêž‰>Â 
; Evaluating file: core_test.clj
#'calculator.core-test/c-median-test
; Running test: c-sort-testâ€¦
; 6 tests finished, all passing ðŸ‘, ns: 1, vars: 1
cljêž‰calculator.core-testêž‰>Â 
; Running all project testsâ€¦
; ERROR in calculator.core-test/c-mean-test (Numbers.java:33):
; ColeÃ§Ã£o vazia
; error: java.lang.ArithmeticException: Divide by zero (Numbers.java:33)
; expected:
(= 0 (c-mean empty-coll))
; FAIL in calculator.core-test/c-mean-test (core_test.clj:36):
; ColeÃ§Ã£o com um Ãºnico elemento
; expected:
(= one-element-coll (c-mean one-element-coll))
; actual:
(not (= [10] 10.0))
; FAIL in calculator.core-test/c-mean-test (core_test.clj:39):
; ColeÃ§Ã£o com um Ãºnico elemento repetidas vezes
; expected:
(= repeated-element-coll (c-mean repeated-element-coll))
; actual:
(not (= [20 20 20 20 20 20] 20.0))
; FAIL in calculator.core-test/c-mean-test (core_test.clj:42):
; ColeÃ§Ã£o jÃ¡ ordenada de forma crescente
; expected:
(= asc-coll (c-mean asc-coll))
; actual:
(not (= [1 2 3 4 5 6] 3.5))
; FAIL in calculator.core-test/c-mean-test (core_test.clj:45):
; ColeÃ§Ã£o jÃ¡ ordenada de forma decrescente
; expected:
(= [1 2 3 4 5] (c-mean desc-coll))
; actual:
(not (= [1 2 3 4 5] 3.0))
; FAIL in calculator.core-test/c-mean-test (core_test.clj:48):
; ColeÃ§Ã£o nÃ£o ordenada
; expected:
(= [1 2 3 4 5 6 7] (c-mean unsorted-coll))
; actual:
(not (= [1 2 3 4 5 6 7] 4.0))
; 30 tests finished, problems found. ðŸ˜­ errors: 1, failures: 5, ns: 1, vars: 5
cljêž‰calculator.core-testêž‰>Â 
clear
; Syntax error compiling at (output.calva-repl:1:7852).
; Unable to resolve symbol: clear in this context
cljêž‰calculator.core-testêž‰>Â 
lein test
#function[clojure.core/test]
cljêž‰calculator.core-testêž‰>Â 
; Evaluating file: core_test.clj
#'calculator.core-test/c-median-test
cljêž‰calculator.core-testêž‰>Â 
(c-mean-test)

ERROR in (c-mean-test) (Numbers.java:188)
ColeÃ§Ã£o vazia
expected: (= 10 (c-mean empty-coll))
  actual: java.lang.ArithmeticException: Divide by zero
 at clojure.lang.Numbers.divide (Numbers.java:188)
    clojure.lang.Numbers.divide (Numbers.java:3881)
    calculator.core$c_mean.invokeStatic (core.clj:23)
    calculator.core$c_mean.invoke (core.clj:20)
    calculator.core_test$fn__8406$fn__8407.invoke (core_test.clj:33)
    calculator.core_test$fn__8406.invokeStatic (core_test.clj:32)
    calculator.core_test/fn (core_test.clj:31)
    clojure.test$test_var$fn__9707.invoke (test.clj:717)
    clojure.test$test_var.invokeStatic (test.clj:717)
    clojure.test$test_var.invoke (test.clj:708)
    calculator.core_test$c_mean_test.invokeStatic (core_test.clj:31)
    calculator.core_test$c_mean_test.invoke (core_test.clj:31)
    calculator.core_test$eval8626.invokeStatic (form-init5046006255866852130.clj:125)
    calculator.core_test$eval8626.invoke (form-init5046006255866852130.clj:125)
    clojure.lang.Compiler.eval (Compiler.java:7176)
    clojure.lang.Compiler.eval (Compiler.java:7131)
    clojure.core$eva
l.invokeStatic (core.clj:3214)
    clojure.core$eval.invoke (core.clj:3210)
    nrepl.middleware.interruptible_eval$evaluate$fn__1235$fn__1236.invoke (interruptible_eval.clj:87)
    clojure.lang.AFn.applyToHelper (AFn.java:152)
    clojure.lang.AFn.applyTo (AFn.java:144)
    clojure.core$apply.invokeStatic (core.clj:665)
    clojure.core$with_bindings_STAR_.invokeStatic (core.clj:1973)
    clojure.core$with_bindings_STAR_.doInvoke (core.clj:1973)
    clojure.lang.RestFn.invoke (RestFn.java:425)
    nrepl.middleware.interruptible_eval$evaluate$fn__1235.invoke (interruptible_eval.clj:87)
    clojure.main$repl$read_eval_print__9068$fn__9071.invoke (main.clj:414)
    clojure.main$repl$read_eval_print__9068.invoke (main.clj:414)
    clojure.main$repl$fn__9077.invoke (main.clj:435)
    clojure.main$repl.invokeStatic (main.clj:435)
    clojure.main$repl.doInvoke (main.clj:345)
    clojure.lang.RestFn.invoke (RestFn.java:1523)
    nrepl.middleware.interruptible_eval$evaluate.invokeStatic (interruptible_eval.clj:84)
 
   nrepl.middleware.interruptible_eval$evaluate.invoke (interruptible_eval.clj:56)
    nrepl.middleware.interruptible_eval$interruptible_eval$fn__1268$fn__1272.invoke (interruptible_eval.clj:152)
    clojure.lang.AFn.run (AFn.java:22)
    nrepl.middleware.session$session_exec$main_loop__1337$fn__1341.invoke (session.clj:218)
    nrepl.middleware.session$session_exec$main_loop__1337.invoke (session.clj:217)
    clojure.lang.AFn.run (AFn.java:22)
    java.lang.Thread.run (Thread.java:829)

FAIL in (c-mean-test) (core_test.clj:36)
ColeÃ§Ã£o com um Ãºnico elemento
expected: [10]
  actual: 10.0

FAIL in (c-mean-test) (core_test.clj:39)
ColeÃ§Ã£o com um Ãºnico elemento repetidas vezes
expected: [20 20 20 20 20 20]
  actual: 20.0

FAIL in (c-mean-test) (core_test.clj:42)
ColeÃ§Ã£o jÃ¡ ordenada de forma crescente
expected: [1 2 3 4 5 6]
  actual: 3.5

FAIL in (c-mean-test) (core_test.clj:45)
ColeÃ§Ã£o jÃ¡ ordenada de forma decrescente
expected: [1 2 3 4 5]
  actual: 3.0

FAIL in (c-mean-test) (core_test.clj:48)
ColeÃ§Ã£o nÃ£o ordenada
expected: [1 2 3 4 5 6 7]
  actual: 4.0
nil
cljêž‰calculator.core-testêž‰>Â 
; Evaluating file: core_test.clj
#'calculator.core-test/c-median-test
cljêž‰calculator.core-testêž‰>Â 

  
  (c-mean-test)

ERROR in (c-mean-test) (Numbers.java:188)
ColeÃ§Ã£o vazia
expected: (= 0 (c-mean empty-coll))
  actual: java.lang.ArithmeticException: Divide by zero
 at clojure.lang.Numbers.divide (Numbers.java:188)
    clojure.lang.Numbers.divide (Numbers.java:3881)
    calculator.core$c_mean.invokeStatic (core.clj:23)
    calculator.core$c_mean.invoke (core.clj:20)
    calculator.core_test$fn__8698$fn__8699.invoke (core_test.clj:33)
    calculator.core_test$fn__8698.invokeStatic (core_test.clj:32)
    calculator.core_test/fn (core_test.clj:31)
    clojure.test$test_var$fn__9707.invoke (test.clj:717)
    clojure.test$test_var.invokeStatic (test.clj:717)
    clojure.test$test_var.invoke (test.clj:708)
    calculator.core_test$c_mean_test.invokeStatic (core_test.clj:31)
    calculator.core_test$c_mean_test.invoke (core_test.clj:31)
    calculator.core_test$eval8918.invokeStatic (form-init5046006255866852130.clj:205)
    calculator.core_test$eval8918.invoke (form-init5046006255866852130.clj:205)
    clojure.lang.Compiler.eval (Compiler.java:7176)
    clojure.lang.Compiler.eval (Compiler.java:7131)
    clojure.core$eva
l.invokeStatic (core.clj:3214)
    clojure.core$eval.invoke (core.clj:3210)
    nrepl.middleware.interruptible_eval$evaluate$fn__1235$fn__1236.invoke (interruptible_eval.clj:87)
    clojure.lang.AFn.applyToHelper (AFn.java:152)
    clojure.lang.AFn.applyTo (AFn.java:144)
    clojure.core$apply.invokeStatic (core.clj:665)
    clojure.core$with_bindings_STAR_.invokeStatic (core.clj:1973)
    clojure.core$with_bindings_STAR_.doInvoke (core.clj:1973)
    clojure.lang.RestFn.invoke (RestFn.java:425)
    nrepl.middleware.interruptible_eval$evaluate$fn__1235.invoke (interruptible_eval.clj:87)
    clojure.main$repl$read_eval_print__9068$fn__9071.invoke (main.clj:414)
    clojure.main$repl$read_eval_print__9068.invoke (main.clj:414)
    clojure.main$repl$fn__9077.invoke (main.clj:435)
    clojure.main$repl.invokeStatic (main.clj:435)
    clojure.main$repl.doInvoke (main.clj:345)
    clojure.lang.RestFn.invoke (RestFn.java:1523)
    nrepl.middleware.interruptible_eval$evaluate.invokeStatic (interruptible_eval.clj:84)
 
   nrepl.middleware.interruptible_eval$evaluate.invoke (interruptible_eval.clj:56)
    nrepl.middleware.interruptible_eval$interruptible_eval$fn__1268$fn__1272.invoke (interruptible_eval.clj:152)
    clojure.lang.AFn.run (AFn.java:22)
    nrepl.middleware.session$session_exec$main_loop__1337$fn__1341.invoke (session.clj:218)
    nrepl.middleware.session$session_exec$main_loop__1337.invoke (session.clj:217)
    clojure.lang.AFn.run (AFn.java:22)
    java.lang.Thread.run (Thread.java:829)

FAIL in (c-mean-test) (core_test.clj:36)
ColeÃ§Ã£o com um Ãºnico elemento
expected: [10]
  actual: 10.0

FAIL in (c-mean-test) (core_test.clj:39)
ColeÃ§Ã£o com um Ãºnico elemento repetidas vezes
expected: [20 20 20 20 20 20]
  actual: 20.0

FAIL in (c-mean-test) (core_test.clj:42)
ColeÃ§Ã£o jÃ¡ ordenada de forma crescente
expected: [1 2 3 4 5 6]
  actual: 3.5

FAIL in (c-mean-test) (core_test.clj:45)
ColeÃ§Ã£o jÃ¡ ordenada de forma decrescente
expected: [1 2 3 4 5]
  actual: 3.0

FAIL in (c-mean-test) (core_test.clj:48)
ColeÃ§Ã£o nÃ£o ordenada
expected: [1 2 3 4 5 6 7]
  actual: 4.0
nil
cljêž‰calculator.core-testêž‰>Â 
; Evaluating file: core_test.clj
#'calculator.core-test/c-median-test
cljêž‰calculator.core-testêž‰>Â 
(c-mean-test)

FAIL in (c-mean-test) (core_test.clj:36)
ColeÃ§Ã£o com um Ãºnico elemento
expected: [10]
  actual: 10.0

FAIL in (c-mean-test) (core_test.clj:39)
ColeÃ§Ã£o com um Ãºnico elemento repetidas vezes
expected: [20 20 20 20 20 20]
  actual: 20.0

FAIL in (c-mean-test) (core_test.clj:42)
ColeÃ§Ã£o jÃ¡ ordenada de forma crescente
expected: [1 2 3 4 5 6]
  actual: 3.5

FAIL in (c-mean-test) (core_test.clj:45)
ColeÃ§Ã£o jÃ¡ ordenada de forma decrescente
expected: [1 2 3 4 5]
  actual: 3.0

FAIL in (c-mean-test) (core_test.clj:48)
ColeÃ§Ã£o nÃ£o ordenada
expected: [1 2 3 4 5 6 7]
  actual: 4.0
nil
cljêž‰calculator.core-testêž‰>Â 
; Evaluating file: core_test.clj
#'calculator.core-test/c-median-test
cljêž‰calculator.core-testêž‰>Â 
(c-mean-test)
nil
cljêž‰calculator.core-testêž‰>Â 
(= 3 3.0)
false
cljêž‰calculator.core-testêž‰>Â 
(bigdec 3.0)
3.0M
cljêž‰calculator.core-testêž‰>Â 
; Evaluating file: core_test.clj
#'calculator.core-test/c-median-test
cljêž‰calculator.core-testêž‰>Â 
(c-mean-test)
nil
cljêž‰calculator.core-testêž‰>Â 
; Running all project testsâ€¦
; 30 tests finished, all passing ðŸ‘, ns: 1, vars: 5
cljêž‰calculator.core-testêž‰>Â 
; Running all project testsâ€¦
; 30 tests finished, all passing ðŸ‘, ns: 1, vars: 5
cljêž‰calculator.core-testêž‰>Â 
; Running all project testsâ€¦
; 30 tests finished, all passing ðŸ‘, ns: 1, vars: 5
cljêž‰calculator.core-testêž‰>Â 
; Evaluating file: core_test.clj
#'calculator.core-test/c-median-test
cljêž‰calculator.core-testêž‰>Â 
(c-mode-test)

ERROR in (c-mode-test) (AFn.java:429)
ColeÃ§Ã£o vazia
expected: (= 0 (c-mode empty-coll))
  actual: clojure.lang.ArityException: Wrong number of args (1) passed to: clojure.core/max-key
 at clojure.lang.AFn.throwArity (AFn.java:429)
    clojure.lang.RestFn.invoke (RestFn.java:412)
    clojure.lang.AFn.applyToHelper (AFn.java:154)
    clojure.lang.RestFn.applyTo (RestFn.java:132)
    clojure.core$apply.invokeStatic (core.clj:667)
    clojure.core$apply.invoke (core.clj:660)
    calculator.core$c_mode.invokeStatic (core.clj:28)
    calculator.core$c_mode.invoke (core.clj:25)
    calculator.core_test$fn__9843$fn__9844.invoke (core_test.clj:50)
    calculator.core_test$fn__9843.invokeStatic (core_test.clj:49)
    calculator.core_test/fn (core_test.clj:48)
    clojure.test$test_var$fn__9707.invoke (test.clj:717)
    clojure.test$test_var.invokeStatic (test.clj:717)
    clojure.test$test_var.invoke (test.clj:708)
    calculator.core_test$c_mode_test.invokeStatic (core_test.clj:48)
    calculator.core_test$c_mode_test.invoke (core_test.clj:48)
    calculator.core_test$eval9999.invokeStatic (form-init5046
006255866852130.clj:341)
    calculator.core_test$eval9999.invoke (form-init5046006255866852130.clj:341)
    clojure.lang.Compiler.eval (Compiler.java:7176)
    clojure.lang.Compiler.eval (Compiler.java:7131)
    clojure.core$eval.invokeStatic (core.clj:3214)
    clojure.core$eval.invoke (core.clj:3210)
    nrepl.middleware.interruptible_eval$evaluate$fn__1235$fn__1236.invoke (interruptible_eval.clj:87)
    clojure.lang.AFn.applyToHelper (AFn.java:152)
    clojure.lang.AFn.applyTo (AFn.java:144)
    clojure.core$apply.invokeStatic (core.clj:665)
    clojure.core$with_bindings_STAR_.invokeStatic (core.clj:1973)
    clojure.core$with_bindings_STAR_.doInvoke (core.clj:1973)
    clojure.lang.RestFn.invoke (RestFn.java:425)
    nrepl.middleware.interruptible_eval$evaluate$fn__1235.invoke (interruptible_eval.clj:87)
    clojure.main$repl$read_eval_print__9068$fn__9071.invoke (main.clj:414)
    clojure.main$repl$read_eval_print__9068.invoke (main.clj:414)
    clojure.main$repl$fn__9077.invoke (main.clj:435)
    cloj
ure.main$repl.invokeStatic (main.clj:435)
    clojure.main$repl.doInvoke (main.clj:345)
    clojure.lang.RestFn.invoke (RestFn.java:1523)
    nrepl.middleware.interruptible_eval$evaluate.invokeStatic (interruptible_eval.clj:84)
    nrepl.middleware.interruptible_eval$evaluate.invoke (interruptible_eval.clj:56)
    nrepl.middleware.interruptible_eval$interruptible_eval$fn__1268$fn__1272.invoke (interruptible_eval.clj:152)
    clojure.lang.AFn.run (AFn.java:22)
    nrepl.middleware.session$session_exec$main_loop__1337$fn__1341.invoke (session.clj:218)
    nrepl.middleware.session$session_exec$main_loop__1337.invoke (session.clj:217)
    clojure.lang.AFn.run (AFn.java:22)
    java.lang.Thread.run (Thread.java:829)

FAIL in (c-mode-test) (core_test.clj:59)
ColeÃ§Ã£o nÃ£o ordenada sem elementos repetidos
expected: 5
  actual: 7

FAIL in (c-mode-test) (core_test.clj:62)
ColeÃ§Ã£o nÃ£o ordenada com elementos repetidos
expected: 3
  actual: 7
nil
cljêž‰calculator.core-testêž‰>Â 
; Evaluating file: core_test.clj
#'calculator.core-test/c-median-test
cljêž‰calculator.core-testêž‰>Â 
(c-mode-test)

ERROR in (c-mode-test) (AFn.java:429)
ColeÃ§Ã£o vazia
expected: (= 0 (c-mode empty-coll))
  actual: clojure.lang.ArityException: Wrong number of args (1) passed to: clojure.core/max-key
 at clojure.lang.AFn.throwArity (AFn.java:429)
    clojure.lang.RestFn.invoke (RestFn.java:412)
    clojure.lang.AFn.applyToHelper (AFn.java:154)
    clojure.lang.RestFn.applyTo (RestFn.java:132)
    clojure.core$apply.invokeStatic (core.clj:667)
    clojure.core$apply.invoke (core.clj:660)
    calculator.core$c_mode.invokeStatic (core.clj:28)
    calculator.core$c_mode.invoke (core.clj:25)
    calculator.core_test$fn__10110$fn__10111.invoke (core_test.clj:50)
    calculator.core_test$fn__10110.invokeStatic (core_test.clj:49)
    calculator.core_test/fn (core_test.clj:48)
    clojure.test$test_var$fn__9707.invoke (test.clj:717)
    clojure.test$test_var.invokeStatic (test.clj:717)
    clojure.test$test_var.invoke (test.clj:708)
    calculator.core_test$c_mode_test.invokeStatic (core_test.clj:48)
    calculator.core_test$c_mode_test.invoke (core_test.clj:48)
    calculator.core_test$eval10266.invokeStatic (form-init
5046006255866852130.clj:408)
    calculator.core_test$eval10266.invoke (form-init5046006255866852130.clj:408)
    clojure.lang.Compiler.eval (Compiler.java:7176)
    clojure.lang.Compiler.eval (Compiler.java:7131)
    clojure.core$eval.invokeStatic (core.clj:3214)
    clojure.core$eval.invoke (core.clj:3210)
    nrepl.middleware.interruptible_eval$evaluate$fn__1235$fn__1236.invoke (interruptible_eval.clj:87)
    clojure.lang.AFn.applyToHelper (AFn.java:152)
    clojure.lang.AFn.applyTo (AFn.java:144)
    clojure.core$apply.invokeStatic (core.clj:665)
    clojure.core$with_bindings_STAR_.invokeStatic (core.clj:1973)
    clojure.core$with_bindings_STAR_.doInvoke (core.clj:1973)
    clojure.lang.RestFn.invoke (RestFn.java:425)
    nrepl.middleware.interruptible_eval$evaluate$fn__1235.invoke (interruptible_eval.clj:87)
    clojure.main$repl$read_eval_print__9068$fn__9071.invoke (main.clj:414)
    clojure.main$repl$read_eval_print__9068.invoke (main.clj:414)
    clojure.main$repl$fn__9077.invoke (main.clj:435)
   
 clojure.main$repl.invokeStatic (main.clj:435)
    clojure.main$repl.doInvoke (main.clj:345)
    clojure.lang.RestFn.invoke (RestFn.java:1523)
    nrepl.middleware.interruptible_eval$evaluate.invokeStatic (interruptible_eval.clj:84)
    nrepl.middleware.interruptible_eval$evaluate.invoke (interruptible_eval.clj:56)
    nrepl.middleware.interruptible_eval$interruptible_eval$fn__1268$fn__1272.invoke (interruptible_eval.clj:152)
    clojure.lang.AFn.run (AFn.java:22)
    nrepl.middleware.session$session_exec$main_loop__1337$fn__1341.invoke (session.clj:218)
    nrepl.middleware.session$session_exec$main_loop__1337.invoke (session.clj:217)
    clojure.lang.AFn.run (AFn.java:22)
    java.lang.Thread.run (Thread.java:829)

FAIL in (c-mode-test) (core_test.clj:59)
ColeÃ§Ã£o nÃ£o ordenada sem elementos repetidos
expected: 5
  actual: 7

FAIL in (c-mode-test) (core_test.clj:62)
ColeÃ§Ã£o nÃ£o ordenada com elementos repetidos
expected: 3
  actual: 20
nil
cljêž‰calculator.core-testêž‰>Â 
; Evaluating file: core_test.clj
#'calculator.core-test/c-median-test
cljêž‰calculator.core-testêž‰>Â 
(c-mode-test)

FAIL in (c-mode-test) (core_test.clj:59)
ColeÃ§Ã£o nÃ£o ordenada sem elementos repetidos
expected: 5
  actual: 7

FAIL in (c-mode-test) (core_test.clj:62)
ColeÃ§Ã£o nÃ£o ordenada com elementos repetidos
expected: 3
  actual: 20
nil
cljêž‰calculator.core-testêž‰>Â 
; Evaluating file: core_test.clj
#'calculator.core-test/c-median-test
cljêž‰calculator.core-testêž‰>Â 
(c-mode-test)

FAIL in (c-mode-test) (core_test.clj:59)
ColeÃ§Ã£o nÃ£o ordenada sem elementos repetidos
expected: 5
  actual: 7
nil
cljêž‰calculator.core-testêž‰>Â 
; Evaluating file: core_test.clj
#'calculator.core-test/c-median-test
cljêž‰calculator.core-testêž‰>Â 
(c-mode-test)

FAIL in (c-mode-test) (core_test.clj:59)
ColeÃ§Ã£o nÃ£o ordenada sem elementos repetidos
expected: 5
  actual: 7
nil
cljêž‰calculator.core-testêž‰>Â 
; Evaluating file: core_test.clj
#'calculator.core-test/c-median-test
cljêž‰calculator.core-testêž‰>Â 
(c-mode-test)

FAIL in (c-mode-test) (core_test.clj:59)
ColeÃ§Ã£o nÃ£o ordenada sem elementos repetidos
expected: 5
  actual: 7

FAIL in (c-mode-test) (core_test.clj:62)
ColeÃ§Ã£o nÃ£o ordenada com elementos repetidos
expected: 3
  actual: 4
nil
cljêž‰calculator.core-testêž‰>Â 
; Evaluating file: core_test.clj
#'calculator.core-test/c-median-test
cljêž‰calculator.core-testêž‰>Â 
(c-mode-test)

FAIL in (c-mode-test) (core_test.clj:59)
ColeÃ§Ã£o nÃ£o ordenada sem elementos repetidos
expected: 5
  actual: 7

FAIL in (c-mode-test) (core_test.clj:62)
ColeÃ§Ã£o nÃ£o ordenada com elementos repetidos
expected: 3
  actual: 4
nil
cljêž‰calculator.core-testêž‰>Â 
; Evaluating file: core.clj
#'calculator.core/c-median
cljêž‰calculator.coreêž‰>Â 
; Evaluating file: core_test.clj
#'calculator.core-test/c-median-test
cljêž‰calculator.core-testêž‰>Â 
(c-mode-test)

FAIL in (c-mode-test) (core_test.clj:53)
ColeÃ§Ã£o com um Ãºnico elemento
expected: 10
  actual: (10)

FAIL in (c-mode-test) (core_test.clj:56)
ColeÃ§Ã£o com um Ãºnico elemento repetidas vezes
expected: 20
  actual: (20)

FAIL in (c-mode-test) (core_test.clj:59)
ColeÃ§Ã£o nÃ£o ordenada sem elementos repetidos
expected: 5
  actual: (6 3 4 2 5 1 7)

FAIL in (c-mode-test) (core_test.clj:62)
ColeÃ§Ã£o nÃ£o ordenada com elementos repetidos
expected: 3
  actual: (3 4)
nil
cljêž‰calculator.core-testêž‰>Â 
; Evaluating file: core.clj
#'calculator.core/c-median
cljêž‰calculator.coreêž‰>Â (c-mode-test)
; Syntax error compiling at (output.calva-repl:573:23).
; Unable to resolve symbol: c-mode-test in this context
cljêž‰calculator.coreêž‰>Â 
; Evaluating file: core_test.clj
#'calculator.core-test/c-median-test
cljêž‰calculator.core-testêž‰>Â 
(c-mode-test)

FAIL in (c-mode-test) (core_test.clj:53)
ColeÃ§Ã£o com um Ãºnico elemento
expected: 10
  actual: (10)

FAIL in (c-mode-test) (core_test.clj:56)
ColeÃ§Ã£o com um Ãºnico elemento repetidas vezes
expected: 20
  actual: (20)

FAIL in (c-mode-test) (core_test.clj:59)
ColeÃ§Ã£o nÃ£o ordenada sem elementos repetidos
expected: 5
  actual: (1 2 3 4 5 6 7)

FAIL in (c-mode-test) (core_test.clj:62)
ColeÃ§Ã£o nÃ£o ordenada com elementos repetidos
expected: 3
  actual: (3 4)
nil
cljêž‰calculator.core-testêž‰>Â 
; Evaluating file: core_test.clj
#'calculator.core-test/c-median-test
cljêž‰calculator.core-testêž‰>Â 
(c-mode-test)
nil
cljêž‰calculator.core-testêž‰>Â 
; Running all project testsâ€¦
; FAIL in calculator.core-test/c-sort-test (core_test.clj:33):
; ColeÃ§Ã£o nÃ£o ordenada com elementos repetidos
; expected:
[1 2 3 3 3 4 4 5]
; actual:
(1 2 3 3 3 4 4 4 5)
; 28 tests finished, problems found. ðŸ˜­ errors: 0, failures: 1, ns: 1, vars: 5
cljêž‰calculator.core-testêž‰>Â 
; Evaluating file: core_test.clj
#'calculator.core-test/c-median-test
; Running tests for calculator.core-test...
; 28 tests finished, all passing ðŸ‘, ns: 1, vars: 5
cljêž‰calculator.core-testêž‰>Â 
; Running all project testsâ€¦
; 28 tests finished, all passing ðŸ‘, ns: 1, vars: 5
cljêž‰calculator.core-testêž‰>Â 
; Running all project testsâ€¦
; 28 tests finished, all passing ðŸ‘, ns: 1, vars: 5
cljêž‰calculator.core-testêž‰>Â 
; Evaluating file: core_test.clj
#'calculator.core-test/c-median-test
cljêž‰calculator.core-testêž‰>Â 
; Running all project testsâ€¦
; FAIL in calculator.core-test/c-range-test (core_test.clj:81):
; ColeÃ§Ã£o nÃ£o ordenada
; expected:
7
; actual:
6
; 28 tests finished, problems found. ðŸ˜­ errors: 0, failures: 1, ns: 1, vars: 5
cljêž‰calculator.core-testêž‰>Â 
; Evaluating file: core_test.clj
#'calculator.core-test/c-median-test
cljêž‰calculator.core-testêž‰>Â 
(c-range-test)
nil
cljêž‰calculator.core-testêž‰>Â 
; Running all project testsâ€¦
; 28 tests finished, all passing ðŸ‘, ns: 1, vars: 5
cljêž‰calculator.core-testêž‰>Â 
; Evaluating file: core_test.clj
#'calculator.core-test/c-median-test
cljêž‰calculator.core-testêž‰>Â 
(c-median-test)

FAIL in (c-median-test) (core_test.clj:91)
ColeÃ§Ã£o com um Ãºnico elemento repetidas vezes
expected: 20
  actual: 20.0
nil
cljêž‰calculator.core-testêž‰>Â 
; Evaluating file: core.clj
#'calculator.core/c-median
cljêž‰calculator.coreêž‰>Â 
; Evaluating file: core.clj
#'calculator.core/c-median
cljêž‰calculator.coreêž‰>Â 
; Evaluating file: core_test.clj
#'calculator.core-test/c-median-test
cljêž‰calculator.core-testêž‰>Â 
(c-median-test)

FAIL in (c-median-test) (core_test.clj:94)
ColeÃ§Ã£o jÃ¡ ordenada de forma crescente
expected: 3.5
  actual: 7/2
nil
cljêž‰calculator.core-testêž‰>Â 
7/2
cljêž‰calculator.core-testêž‰>Â 
; Execution error (ClassCastException) at calculator.core-test/eval13763 (form-init5046006255866852130.clj:102).
; class clojure.lang.Ratio cannot be cast to class clojure.lang.Symbol (clojure.lang.Ratio and clojure.lang.Symbol are in unnamed module of loader 'app')
cljêž‰calculator.core-testêž‰>Â 
7/2
cljêž‰calculator.core-testêž‰>Â 
3.5
cljêž‰calculator.core-testêž‰>Â 
; Evaluating file: core_test.clj
#'calculator.core-test/c-median-test
cljêž‰calculator.core-testêž‰>Â 
; Running all project testsâ€¦
; FAIL in calculator.core-test/c-mean-test (core_test.clj:40):
; ColeÃ§Ã£o com um Ãºnico elemento
; expected:
10.0
; actual:
10
; FAIL in calculator.core-test/c-mean-test (core_test.clj:43):
; ColeÃ§Ã£o com um Ãºnico elemento repetidas vezes
; expected:
20.0
; actual:
20
; FAIL in calculator.core-test/c-mean-test (core_test.clj:46):
; ColeÃ§Ã£o nÃ£o ordenada
; expected:
4.0
; actual:
4
; FAIL in calculator.core-test/c-median-test (core_test.clj:91):
; ColeÃ§Ã£o com um Ãºnico elemento repetidas vezes
; expected:
20.0
; actual:
20
; FAIL in calculator.core-test/c-median-test (core_test.clj:94):
; ColeÃ§Ã£o jÃ¡ ordenada de forma crescente
; expected:
3.5
; actual:
7/2
; 28 tests finished, problems found. ðŸ˜­ errors: 0, failures: 5, ns: 1, vars: 5
cljêž‰calculator.core-testêž‰>Â 
; Evaluating file: core.clj
#'calculator.core/c-median
cljêž‰calculator.coreêž‰>Â 
; Evaluating file: core_test.clj
#'calculator.core-test/c-median-test
cljêž‰calculator.core-testêž‰>Â 
; Running all project testsâ€¦
; 28 tests finished, all passing ðŸ‘, ns: 1, vars: 5
cljêž‰calculator.core-testêž‰>Â 
(rationalize (/ 7 2))
7/2
cljêž‰calculator.core-testêž‰>Â 
(with-precision (/ 7 2))
; Execution error (IllegalArgumentException) at calculator.core-test/eval14288 (form-init5046006255866852130.clj:735).
; No matching ctor found for class java.math.MathContext
cljêž‰calculator.core-testêž‰>Â 
(with-precision 2 (/ 7 2))
7/2
cljêž‰calculator.core-testêž‰>Â 
(clas (/ 7 2))
; Syntax error compiling at (output.calva-repl:742:1).
; Unable to resolve symbol: clas in this context
cljêž‰calculator.core-testêž‰>Â 
(class (/ 7 2))
clojure.lang.Ratio
cljêž‰calculator.core-testêž‰>Â 
(= 3.5 (/ 7 2))
false
cljêž‰calculator.core-testêž‰>Â 
(= 3M 3.0M)
true
cljêž‰calculator.core-testêž‰>Â 
; Evaluating file: core.clj
#'calculator.core/c-median
cljêž‰calculator.coreêž‰>Â 
; Evaluating file: core_test.clj
#'calculator.core-test/c-median-test
cljêž‰calculator.core-testêž‰>Â 
; Running all project testsâ€¦
; FAIL in calculator.core-test/c-mean-test (core_test.clj:40):
; ColeÃ§Ã£o com um Ãºnico elemento
; expected:
10.0
; actual:
10
; FAIL in calculator.core-test/c-mean-test (core_test.clj:43):
; ColeÃ§Ã£o com um Ãºnico elemento repetidas vezes
; expected:
20.0
; actual:
20
; FAIL in calculator.core-test/c-mean-test (core_test.clj:46):
; ColeÃ§Ã£o nÃ£o ordenada
; expected:
4.0
; actual:
4
; 28 tests finished, problems found. ðŸ˜­ errors: 0, failures: 3, ns: 1, vars: 5
cljêž‰calculator.core-testêž‰>Â 
; Evaluating file: core.clj
#'calculator.core/c-median
cljêž‰calculator.coreêž‰>Â 
; Evaluating file: core_test.clj
#'calculator.core-test/c-median-test
cljêž‰calculator.core-testêž‰>Â 
(c-median-test)
nil
cljêž‰calculator.core-testêž‰>Â 
; Running all project testsâ€¦
; FAIL in calculator.core-test/c-mean-test (core_test.clj:40):
; ColeÃ§Ã£o com um Ãºnico elemento
; expected:
10.0
; actual:
10
; FAIL in calculator.core-test/c-mean-test (core_test.clj:43):
; ColeÃ§Ã£o com um Ãºnico elemento repetidas vezes
; expected:
20.0
; actual:
20
; FAIL in calculator.core-test/c-mean-test (core_test.clj:46):
; ColeÃ§Ã£o nÃ£o ordenada
; expected:
4.0
; actual:
4
; 28 tests finished, problems found. ðŸ˜­ errors: 0, failures: 3, ns: 1, vars: 5
cljêž‰calculator.core-testêž‰>Â 
; Evaluating file: core_test.clj
#'calculator.core-test/c-median-test
cljêž‰calculator.core-testêž‰>Â 
; Running all project testsâ€¦
; 28 tests finished, all passing ðŸ‘, ns: 1, vars: 5
cljêž‰calculator.core-testêž‰>Â 
